19:56:52.742200 == Info: Host finance.yahoo.com:443 was resolved.
19:56:52.742688 == Info: IPv6: (none)
19:56:52.742690 == Info: IPv4: 87.248.107.206, 87.248.107.204
19:56:52.742717 == Info:   Trying 87.248.107.206:443...
19:56:52.789462 == Info: Connected to finance.yahoo.com (87.248.107.206) port 443
19:56:52.789533 == Info: ALPN: curl offers h2,http/1.1
19:56:52.789855 == Info: (304) (OUT), TLS handshake, Client hello (1):
19:56:52.789859 => Send SSL data, 322 bytes (0x142)
0000: ...>...>!(......S1%.5p.........I.G&... /t..r2....HL..%...G...u.&
0040: .....1..b.............0.,.(.$.......k.9...........=.5...../.+.'.
0080: #.......g.3...E...<./...A.......................+............3.&
00c0: .$... .?..........kn$.4.!.....0_. .F...........finance.yahoo.com
0100: .......................................................h2.http/1
0140: .1
19:56:52.798385 == Info:  CAfile: /etc/ssl/cert.pem
19:56:52.798389 == Info:  CApath: none
19:56:52.836492 == Info: (304) (IN), TLS handshake, Server hello (2):
19:56:52.836499 <= Recv SSL data, 122 bytes (0x7a)
0000: ...v.........EPn.c.5...//@..(.!PNr*B.. /t..r2....HL..%...G...u.&
0040: .....1.......+.....3.$... %R...aRM.00.............y..../.P
19:56:52.836958 == Info: (304) (IN), TLS handshake, Unknown (8):
19:56:52.836963 <= Recv SSL data, 41 bytes (0x29)
0000: ...%.#.................................h2
19:56:52.838312 == Info: (304) (IN), TLS handshake, Certificate (11):
19:56:52.838318 <= Recv SSL data, 4870 bytes (0x1306)
0000: ..........?0..;0..#........Kwq=..:S0..v.S.0...*.H........0p1.0..
0040: .U....US1.0...U....DigiCert Inc1.0...U....www.digicert.com1/0-..
0080: U...&DigiCert SHA2 High Assurance Server CA0...250730000000Z..25
00c0: 0917235959Z0u1.0...U....US1.0...U....New York1.0...U....New York
0100: 1.0...U....Yahoo Holdings Inc.1"0 ..U....*.fantasysports.yahoo.c
0140: om0Y0...*.H.=....*.H.=....B...C.<.!c<.....p..9....P..'{.....,...
0180: h..]6.m...r..o.....u.`..p3.7.....0...0...U.#..0...Qh.....u<..edb
01c0: ...Yr;0...U............,.d..Z.....v-d0..P..U.....G0..C..*.fantas
0200: ysports.yahoo.com..ymail.com..s.yimg.com..*.yahoo.com..*.calenda
0240: r.yahoo.com..*.groups.yahoo.com..*.mail.yahoo.com..*.msg.yahoo.c
0280: om..*.ymail.com..*.finance.yahoo.com..*.news.yahoo.com..de.nachr
02c0: ichten.yahoo.com..*.video.yahoo.com..*.m.yahoo.com..*.my.yahoo.c
0300: om..*.search.yahoo.com..*.secure.yahoo.com..*.yahooapis.com..*.m
0340: g.mail.yahoo.com..*.api.fantasysports.yahoo.com..*.autos.yahoo.c
0380: om..*.cricket.yahoo.com."*.football.fantasysports.yahoo.com..*.g
03c0: ames.yahoo.com..*.lifestyle.yahoo.com..*.style.yahoo.com..*.movi
0400: es.yahoo.com..*.mujer.yahoo.com..*.music.yahoo.com..*.safely.yah
0440: oo.com..*.screen.yahoo.com..*.shine.yahoo.com..*.sports.yahoo.co
0480: m..*.travel.yahoo.com..*.tv.yahoo.com..*.weather.yahoo.com..*.no
04c0: tepad.yahoo.com..*.protrade.com..*.yql.yahoo.com..*.wc.yahoodns.
0500: net..*.help.yahoo.com..*.celebrity.yahoo.com..*.ybp.yahoo.com..*
0540: .geo.yahoo.com..*.messenger.yahoo.com..*.antispam.yahoo.com..*.y
0580: sm.yahoo.com..video.media.yql.yahoo.com..*.tripod.yahoo.com..*.i
05c0: ris.yahoo.com..*.mobile.yahoo.com..*.overview.mail.yahoo.com..*.
0600: mailplus.mail.yahoo.com..*.xobni.yahoo.com.!api.digitalhomeservi
0640: ces.yahoo.com..commsdata.api.yahoo.com..*.commsdata.api.yahoo.co
0680: m..gallery.tv.widgets.yahoo.com..*.commerce.yahoo.com..*.sombrer
06c0: o.yahoo.net..*.tw.campaign.yahoo.com..*.dispatcher.yahoo.com..cd
0700: n.launch3d.com..cdn.js7k.com..video-api.sapi.yahoo.com..*.vto.co
0740: mmerce.yahoo.com..es-us.finanzas.yahoo.com..br.financas.yahoo.co
0780: m..es-us.noticias.yahoo.com..es-us.vida-estilo.yahoo.com..de.kin
07c0: o.yahoo.com..*.dht.yahoo.com..admetrics.uadapp.yahoo.com..*.gcp.
0800: mail.yahoo.com..admetricsqa.uadapp.yahoo.com..*.media.yahoo.com.
0840: .staging.www.yahoo.com..o.aolcdn.com..s.aolcdn.com..next.tech.ya
0880: hoo.com..staging.tech.yahoo.com..*.staging.tech.yahoo.com..next.
08c0: health.yahoo.com..staging.health.yahoo.com..*.staging.autos.yaho
0900: o.com..*.staging.local.yahoo.com..*.staging.health.yahoo.com..st
0940: age.login.yahoo.com..*.stage.login.yahoo.com..ca.rogers.yahoo.co
0980: m..*.test-newsletters.yahoo.com..*.newsletters.yahoo.com..*.emai
09c0: l.cc.yahoo.com..*.shopping.comms.yahoo.com..*.activity.yahoo.com
0a00: . staging-de.nachrichten.yahoo.com..*.sync.mail.yahoo.com0>..U. 
0a40: .70503..g.....0)0'..+.........http://www.digicert.com/CPS0...U..
0a80: .........0...U.%..0...+.........+.......0u..U...n0l04.2.0..http:
0ac0: //crl3.digicert.com/sha2-ha-server-g6.crl04.2.0..http://crl4.dig
0b00: icert.com/sha2-ha-server-g6.crl0....+........w0u0$..+.....0...ht
0b40: tp://ocsp.digicert.com0M..+.....0..Ahttp://cacerts.digicert.com/
0b80: DigiCertSHA2HighAssuranceServerCA.crt0...U.......0.0.....+.....y
0bc0: ......o...k.i.w...N4.SrL.....?z....b...m0.....&:....\4.......H0F
0c00: .!..o.(..b...F..o....v.I.m..].^B.g..!.....oof .R.d[V_.........Q.
0c40: ...../.v..<K.......W..$.8..Q/....p. ..>?.....\4.Z.....G0E. p....
0c80: M........1a...8......~..e,..!....wM,?..O.....-....jsYzv.Ss.....v
0cc0: ..B..I`aT......z-&EM.../.EY.'O:.T....\4.s.....G0E. y...P@..J....
0d00: ..w.hN...g>Y;!......!....cC.".].........'..k...hRl....0...*.H...
0d40: .................].@.......v.XH#.w.j.!..W........a...{*1.....N..
0d80: ........Z;...T}W.GH...v...........(...$.W7.>.`...%J......hQ.....
0dc0: w...!e...4.=.....j...c......~ySfC.'dF....:.........o....,P.!B.x.
0e00: .cg...eb......e.4.....Sg...'.t.c.G.B...,......;4......A....%.z..
0e40: .......^.p.....0...0...............\..m.+B.]..0...*.H........0l1
0e80: .0...U....US1.0...U....DigiCert Inc1.0...U....www.digicert.com1+
0ec0: 0)..U..."DigiCert High Assurance EV Root CA0...131022120000Z..28
0f00: 1022120000Z0p1.0...U....US1.0...U....DigiCert Inc1.0...U....www.
0f40: digicert.com1/0-..U...&DigiCert SHA2 High Assurance Server CA0..
0f80: "0...*.H.............0........../.$..m._...d..}"&e..B@.....v.>.0
0fc0: U...O..Z..UV...*.....@...;r............C:.......@....M._W..Ph...
1000: .............-..........^DX*7..5...'2Z......Q.'..;B3..(..(...+#.
1040: x.{.^q.J>........#.M.....u.......D5e.S%9....c...th.7..RH.9Z...].
1080: .. .!..&o.J!A..m..H/....h.S/^.........I0..E0...U.......0.......0
10c0: ...U...........0...U.%..0...+.........+.......04..+........(0&0$
1100: ..+.....0...http://ocsp.digicert.com0K..U...D0B0@.>.<.:http://cr
1140: l4.digicert.com/DigiCertHighAssuranceEVRootCA.crl0=..U. .60402..
1180: U. .0*0(..+.........https://www.digicert.com/CPS0...U......Qh...
11c0: ..u<..edb...Yr;0...U.#..0....>.i...G...&....cd+.0...*.H.........
1200: ..........m.\..h.J...Q/.kD...c..nl.....q.[.4N..y.).-.j.. .y...G.
1240: ....Yq}...k.YX=..1%\.8.......[.1N.x.....I..'..r.>..A...6...nGI.^
1280: .H|....I..&B@.....d.WT.....^k......r.V....0..0...N.W..$...+..u..
12c0: -..}y'............ (AYC(......{;w.@b..AE....>..3.g.a.r..i...W@.p
1300: ......
19:56:52.840484 == Info: (304) (IN), TLS handshake, CERT verify (15):
19:56:52.840492 <= Recv SSL data, 78 bytes (0x4e)
0000: ...J...F0D. %..3.w..W.K.B.J~. x.......:..>... ;...D,.W)...<V.]$.
0040: .+...&FL.J.X..
19:56:52.841101 == Info: (304) (IN), TLS handshake, Finished (20):
19:56:52.841107 <= Recv SSL data, 36 bytes (0x24)
0000: ... ..{.....%......ku..\......a.W...
19:56:52.841249 == Info: (304) (OUT), TLS handshake, Finished (20):
19:56:52.841254 => Send SSL data, 36 bytes (0x24)
0000: ... ..C6.'..Fn..Sn.....u...5.M.p]F..
19:56:52.841290 == Info: SSL connection using TLSv1.3 / AEAD-AES128-GCM-SHA256 / [blank] / UNDEF
19:56:52.841297 == Info: ALPN: server accepted h2
19:56:52.841914 == Info: Server certificate:
19:56:52.841928 == Info:  subject: C=US; ST=New York; L=New York; O=Yahoo Holdings Inc.; CN=*.fantasysports.yahoo.com
19:56:52.841937 == Info:  start date: Jul 30 00:00:00 2025 GMT
19:56:52.841942 == Info:  expire date: Sep 17 23:59:59 2025 GMT
19:56:52.842004 == Info:  subjectAltName: host "finance.yahoo.com" matched cert's "*.yahoo.com"
19:56:52.842056 == Info:  issuer: C=US; O=DigiCert Inc; OU=www.digicert.com; CN=DigiCert SHA2 High Assurance Server CA
19:56:52.842063 == Info:  SSL certificate verify ok.
19:56:52.842126 == Info: using HTTP/2
19:56:52.842192 == Info: [HTTP/2] [1] OPENED stream for https://finance.yahoo.com/
19:56:52.842198 == Info: [HTTP/2] [1] [:method: GET]
19:56:52.842202 == Info: [HTTP/2] [1] [:scheme: https]
19:56:52.842206 == Info: [HTTP/2] [1] [:authority: finance.yahoo.com]
19:56:52.842210 == Info: [HTTP/2] [1] [:path: /]
19:56:52.842214 == Info: [HTTP/2] [1] [cookie: GUCS=AUSj1X_H]
19:56:52.842219 == Info: [HTTP/2] [1] [sec-ch-ua: "Google Chrome";v="123", "Not:A-Brand";v="8", "Chromium";v="123"]
19:56:52.842225 == Info: [HTTP/2] [1] [sec-ch-ua-mobile: ?0]
19:56:52.842230 == Info: [HTTP/2] [1] [sec-ch-ua-platform: "macOS"]
19:56:52.842234 == Info: [HTTP/2] [1] [upgrade-insecure-requests: 1]
19:56:52.842239 == Info: [HTTP/2] [1] [user-agent: Mozilla/5.0 (Macintosh; Intel Mac OS X 10_15_7) AppleWebKit/537.36 (KHTML, like Gecko) Chrome/123.0.0.0 Safari/537.36]
19:56:52.842250 == Info: [HTTP/2] [1] [accept: text/html,application/xhtml+xml,application/xml;q=0.9,image/avif,image/webp,image/apng,*/*;q=0.8,application/signed-exchange;v=b3;q=0.7]
19:56:52.842260 == Info: [HTTP/2] [1] [sec-fetch-site: none]
19:56:52.842264 == Info: [HTTP/2] [1] [sec-fetch-mode: navigate]
19:56:52.842269 == Info: [HTTP/2] [1] [sec-fetch-user: ?1]
19:56:52.842273 == Info: [HTTP/2] [1] [sec-fetch-dest: document]
19:56:52.842277 == Info: [HTTP/2] [1] [accept-encoding: gzip, deflate, br, zstd]
19:56:52.842282 == Info: [HTTP/2] [1] [accept-language: en-US,en;q=0.9]
19:56:52.842338 => Send header, 667 bytes (0x29b)
0000: GET / HTTP/2
000e: Host: finance.yahoo.com
0027: Cookie: GUCS=AUSj1X_H
003e: sec-ch-ua: "Google Chrome";v="123", "Not:A-Brand";v="8", "Chromi
007e: um";v="123"
008b: sec-ch-ua-mobile: ?0
00a1: sec-ch-ua-platform: "macOS"
00be: upgrade-insecure-requests: 1
00dc: user-agent: Mozilla/5.0 (Macintosh; Intel Mac OS X 10_15_7) Appl
011c: eWebKit/537.36 (KHTML, like Gecko) Chrome/123.0.0.0 Safari/537.3
015c: 6
015f: accept: text/html,application/xhtml+xml,application/xml;q=0.9,im
019f: age/avif,image/webp,image/apng,*/*;q=0.8,application/signed-exch
01df: ange;v=b3;q=0.7
01f0: sec-fetch-site: none
0206: sec-fetch-mode: navigate
0220: sec-fetch-user: ?1
0234: sec-fetch-dest: document
024e: accept-encoding: gzip, deflate, br, zstd
0278: accept-language: en-US,en;q=0.9
0299: 
19:56:52.842461 == Info: Request completely sent off
19:56:52.890118 <= Recv header, 13 bytes (0xd)
0000: HTTP/2 307 
19:56:52.890334 <= Recv header, 37 bytes (0x25)
0000: date: Thu, 14 Aug 2025 17:56:52 GMT
19:56:52.890397 <= Recv header, 45 bytes (0x2d)
0000: strict-transport-security: max-age=31536000
19:56:52.890451 <= Recv header, 13 bytes (0xd)
0000: server: ATS
19:56:52.890503 <= Recv header, 25 bytes (0x19)
0000: cache-control: no-store
19:56:52.891235 <= Recv header, 40 bytes (0x28)
0000: content-type: text/html; charset=utf-8
19:56:52.891299 <= Recv header, 22 bytes (0x16)
0000: content-language: en
19:56:52.891351 <= Recv header, 33 bytes (0x21)
0000: x-content-type-options: nosniff
19:56:52.891404 <= Recv header, 45 bytes (0x2d)
0000: referrer-policy: no-referrer-when-downgrade
19:56:52.891461 <= Recv header, 113 bytes (0x71)
0000: location: https://guce.yahoo.com/consent?brandType=nonEu&gcrumb=
0040: Zg9Mn8Y&done=https%3A%2F%2Ffinance.yahoo.com%2F
19:56:52.891541 == Info: Replaced cookie GUCS="AWYPTJ_G" for domain yahoo.com, path /, expire 1755196012
19:56:52.891552 <= Recv header, 76 bytes (0x4c)
0000: set-cookie: GUCS=AWYPTJ_G; Max-Age=1800; Domain=.yahoo.com; Path
0040: =/; Secure
19:56:52.891609 <= Recv header, 19 bytes (0x13)
0000: content-length: 0
19:56:52.891656 <= Recv header, 2 bytes (0x2)
0000: 
19:56:52.891700 == Info: Ignoring the response-body
19:56:52.891894 == Info: Connection #0 to host finance.yahoo.com left intact
19:56:52.891923 == Info: Issue another request to this URL: 'https://guce.yahoo.com/consent?brandType=nonEu&gcrumb=Zg9Mn8Y&done=https%3A%2F%2Ffinance.yahoo.com%2F'
19:56:52.894759 == Info: Host guce.yahoo.com:443 was resolved.
19:56:52.894775 == Info: IPv6: (none)
19:56:52.894779 == Info: IPv4: 54.171.21.95, 34.240.84.128, 34.252.53.183
19:56:52.894836 == Info:   Trying 54.171.21.95:443...
19:56:52.962127 == Info: Connected to guce.yahoo.com (54.171.21.95) port 443
19:56:52.962185 == Info: ALPN: curl offers h2,http/1.1
19:56:52.962445 == Info: (304) (OUT), TLS handshake, Client hello (1):
19:56:52.962449 => Send SSL data, 319 bytes (0x13f)
0000: ...;..dr...m...n..(x.CL.....?E..S....4 2...N'G^.B....VAe.T.5....
0040: o....G..b.............0.,.(.$.......k.9...........=.5...../.+.'.
0080: #.......g.3...E...<./...A.......................+............3.&
00c0: .$... |).q.....v.S%h..f.....NU.../.K...........guce.yahoo.com...
0100: ....................................................h2.http/1.1
19:56:53.034057 == Info: (304) (IN), TLS handshake, Server hello (2):
19:56:53.034066 <= Recv SSL data, 81 bytes (0x51)
0000: ...M.....l.d.M.6d.{t.j,N$....^x....~A. ...|..`.....H..i...|+.@V.
0040: .m..r._./........
19:56:53.034158 == Info: TLSv1.2 (IN), TLS handshake, Certificate (11):
19:56:53.034161 <= Recv SSL data, 4505 bytes (0x1199)
0000: ..........0...0...........o.#1e.....XW.^}0...*.H........0p1.0...
0040: U....US1.0...U....DigiCert Inc1.0...U....www.digicert.com1/0-..U
0080: ...&DigiCert SHA2 High Assurance Server CA0...250701000000Z..251
00c0: 224235959Z0i1.0...U....US1.0...U....New York1.0...U....New York1
0100: .0...U....Yahoo Holdings Inc.1.0...U....guce.oath.com0.."0...*.H
0140: .............0.............;..Q5!(8..5Mf...?.q.7..a....[Nv*2q...
0180: .[...x |.+...d.%o.....7.'2..HI.q.D.<?.T`m%..2.t9.dhq.8...h.D....
01c0: .e2..>.C<.6....v.....e....SM.........6..a.....E!........M%@....]
0200: !...%.8..V.....D.....J......._c.[....@<.$..r...l@.q>......j.'B..
0240: .M:@....)..v.....=.57.........n0..j0...U.#..0...Qh.....u<..edb..
0280: .Yr;0...U......._......Um.......].I0..)..U..... 0.....guce.oath.
02c0: com..guce.yahoo.com..guce.aol.com..guce.engadget.com..guce.autob
0300: log.com..guce.techcrunch.com..guce.netscape.com..guce.kol.com..g
0340: uce.leadlocal.com..guce.yahoo.net..guce.compuserve.com..guce.log
0380: in.yahoo.com..guce.login.aol.com..guce.login.engadget.com..guce.
03c0: login.techcrunch.com..guce.makers.com..guce.anyprice.com..guce.a
0400: utos24-7.com..guce.buildseries.com..guce.builtbygirls.com..guce.
0440: citypedia.com..guce.chowist.com..guce.convertro.com..guce.coupon
0480: bear.com..guce.dailyfinance.com..guce.diylife.com..guce.fearuswo
04c0: men.com..guce.glamorbank.com..guce.greendaily.com..guce.health.z
0500: one..guce.health247.com..guce.homesessive.com..guce.housingwatch
0540: .com..guce.insurance24-7.com..guce.job-sift.com..guce.kitchepedi
0580: a.com..guce.know-legal.com..guce.learn-247.com..guce.luxist.com.
05c0: .guce.money-a2z.com..guce.netdeals.com..guce.shopfone.com..guce.
0600: sport-king.com..guce.when.com..guce.wow.com..guce.fashion.life..
0640: guce.fast.rentals..guce.gamer.site..guce.autos.parts..guce.viral
0680: .site..guce.baby.guide..guce.24-7.pet..guce.247.vacations..guce.
06c0: aol.co.uk..guce.aol.ca..guce.aol.de..guce.aol.fr..guce.aol.jp..g
0700: uce.aolcdn.com..guce.aollistens.com..guce.aolsearch.com..guce.au
0740: toblog360.com..guce.cambio.com..guce.enow.com..guce.find.furnitu
0780: re..guce.foodbegood.com..guce.furniture.deals..guce.getnetscape.
07c0: com..guce.golocal.guru..guce.intoautos.com..guce.netfind.com..gu
0800: ce.oneadserver.aol.com..guce.onebyaol.com..guce.pets.world..guce
0840: .rivals.com..guce.ryotlab.com..guce.ryotstudio.co.uk..guce.see-i
0880: t.live..guce.tech247.co..guce.tech24.deals..guce.thegifts.co..gu
08c0: ce.think24-7.com0>..U. .70503..g.....0)0'..+.........http://www.
0900: digicert.com/CPS0...U...........0...U.%..0...+.........+.......0
0940: u..U...n0l04.2.0..http://crl3.digicert.com/sha2-ha-server-g6.crl
0980: 04.2.0..http://crl4.digicert.com/sha2-ha-server-g6.crl0....+....
09c0: ....w0u0$..+.....0...http://ocsp.digicert.com0M..+.....0..Ahttp:
0a00: //cacerts.digicert.com/DigiCertSHA2HighAssuranceServerCA.crt0...
0a40: U.......0.0.....+.....y......o...k.i.w...N4.SrL.....?z....b...m0
0a80: .....&:.....V)......H0F.!..Y.........]@._.I...,.<........n.!...f
0ac0: ......,.Y3...8_.9u/.......ele.v..<K.......W..$.8..Q/....p. ..>?.
0b00: .....V)?.....G0E.!...r..Y.....z..u.."..p...1)`;..... }.u +V.x...
0b40: i...z>.#%.=..Y..)2....v..B..I`aT......z-&EM.../.EY.'O:.T.....V)R
0b80: .....G0E.!........][`(..B.J..$..,...Im>._... ..........H.......}
0bc0: ..Z.s.g.R..Mh0...*.H.............ZO..).2.........;9.v}.ALv;c.d%.
0c00: ..........$_.V...C&...{.=.....0f...Dlv6H$h!W%."..Y...nG$...[.v..
0c40: H.,.|.rf0........b...;W+....@.~...g..T.1..}.u...(.`!.."..J]u..I.
0c80: ..r......ix...`;l.?Py.....1......(..V.@..b.3....JK\.b..........'
0cc0: b.x;5............O...^.{=.E?$...1...0...0...............\..m.+B.
0d00: ]..0...*.H........0l1.0...U....US1.0...U....DigiCert Inc1.0...U.
0d40: ...www.digicert.com1+0)..U..."DigiCert High Assurance EV Root CA
0d80: 0...131022120000Z..281022120000Z0p1.0...U....US1.0...U....DigiCe
0dc0: rt Inc1.0...U....www.digicert.com1/0-..U...&DigiCert SHA2 High A
0e00: ssurance Server CA0.."0...*.H.............0........../.$..m._...
0e40: d..}"&e..B@.....v.>.0U...O..Z..UV...*.....@...;r............C:..
0e80: .....@....M._W..Ph................-..........^DX*7..5...'2Z.....
0ec0: .Q.'..;B3..(..(...+#.x.{.^q.J>........#.M.....u.......D5e.S%9...
0f00: .c...th.7..RH.9Z...]... .!..&o.J!A..m..H/....h.S/^.........I0..E
0f40: 0...U.......0.......0...U...........0...U.%..0...+.........+....
0f80: ...04..+........(0&0$..+.....0...http://ocsp.digicert.com0K..U..
0fc0: .D0B0@.>.<.:http://crl4.digicert.com/DigiCertHighAssuranceEVRoot
1000: CA.crl0=..U. .60402..U. .0*0(..+.........https://www.digicert.co
1040: m/CPS0...U......Qh.....u<..edb...Yr;0...U.#..0....>.i...G...&...
1080: .cd+.0...*.H...................m.\..h.J...Q/.kD...c..nl.....q.[.
10c0: 4N..y.).-.j.. .y...G.....Yq}...k.YX=..1%\.8.......[.1N.x.....I..
1100: '..r.>..A...6...nGI.^.H|....I..&B@.....d.WT.....^k......r.V....0
1140: ..0...N.W..$...+..u..-..}y'............ (AYC(......{;w.@b..AE...
1180: .>..3.g.a.r..i...W@.p....
19:56:53.035037 == Info: TLSv1.2 (IN), TLS handshake, Server key exchange (12):
19:56:53.035041 <= Recv SSL data, 333 bytes (0x14d)
0000: ...I...A.:......z..XI_.".=f....&...2....b.|.....3........b0..".M
0040: ..y.z][......y|..l....E[..h];........qj...X.nP.N....^l.+e.k..{..
0080: .$.(.=.ov..j..........4Zr!.\Y`.H.U.........\._.P]...6.X/.s.'.z..
00c0: #Z..X...!.......3PJ~....'.'..~.+;Q..=..o$....#.Y....C!.E.q...Yx,
0100: ....y..ToaA..C<$....?...'3.. .i.!tJ!#.u/....J...C.U.T\{...L..].Z
0140: .K.g....Ko.q.
19:56:53.035177 == Info: TLSv1.2 (IN), TLS handshake, Server finished (14):
19:56:53.035180 <= Recv SSL data, 4 bytes (0x4)
0000: ....
19:56:53.039047 == Info: TLSv1.2 (OUT), TLS handshake, Client key exchange (16):
19:56:53.039051 => Send SSL data, 70 bytes (0x46)
0000: ...BA...;...-..........).O&s....]'..Rk.......Sbhw].E....R..#..*!
0040: e.H-..
19:56:53.039083 == Info: TLSv1.2 (OUT), TLS change cipher, Change cipher spec (1):
19:56:53.039087 => Send SSL data, 1 bytes (0x1)
0000: .
19:56:53.039129 == Info: TLSv1.2 (OUT), TLS handshake, Finished (20):
19:56:53.039132 => Send SSL data, 16 bytes (0x10)
0000: ....f..49.....%T
19:56:53.107349 == Info: TLSv1.2 (IN), TLS change cipher, Change cipher spec (1):
19:56:53.107356 <= Recv SSL data, 1 bytes (0x1)
0000: .
19:56:53.107448 == Info: TLSv1.2 (IN), TLS handshake, Finished (20):
19:56:53.107453 <= Recv SSL data, 16 bytes (0x10)
0000: ....cN......]...
19:56:53.107485 == Info: SSL connection using TLSv1.2 / ECDHE-RSA-AES128-GCM-SHA256 / [blank] / UNDEF
19:56:53.107492 == Info: ALPN: server did not agree on a protocol. Uses default.
19:56:53.108135 == Info: Server certificate:
19:56:53.108148 == Info:  subject: C=US; ST=New York; L=New York; O=Yahoo Holdings Inc.; CN=guce.oath.com
19:56:53.108156 == Info:  start date: Jul  1 00:00:00 2025 GMT
19:56:53.108162 == Info:  expire date: Dec 24 23:59:59 2025 GMT
19:56:53.108228 == Info:  subjectAltName: host "guce.yahoo.com" matched cert's "guce.yahoo.com"
19:56:53.108275 == Info:  issuer: C=US; O=DigiCert Inc; OU=www.digicert.com; CN=DigiCert SHA2 High Assurance Server CA
19:56:53.108288 == Info:  SSL certificate verify ok.
19:56:53.108293 == Info: using HTTP/1.x
19:56:53.108411 => Send header, 744 bytes (0x2e8)
0000: GET /consent?brandType=nonEu&gcrumb=Zg9Mn8Y&done=https%3A%2F%2Ff
0040: inance.yahoo.com%2F HTTP/1.1
005e: Host: guce.yahoo.com
0074: Cookie: GUCS=AWYPTJ_G
008b: sec-ch-ua: "Google Chrome";v="123", "Not:A-Brand";v="8", "Chromi
00cb: um";v="123"
00d8: sec-ch-ua-mobile: ?0
00ee: sec-ch-ua-platform: "macOS"
010b: upgrade-insecure-requests: 1
0129: user-agent: Mozilla/5.0 (Macintosh; Intel Mac OS X 10_15_7) Appl
0169: eWebKit/537.36 (KHTML, like Gecko) Chrome/123.0.0.0 Safari/537.3
01a9: 6
01ac: accept: text/html,application/xhtml+xml,application/xml;q=0.9,im
01ec: age/avif,image/webp,image/apng,*/*;q=0.8,application/signed-exch
022c: ange;v=b3;q=0.7
023d: sec-fetch-site: none
0253: sec-fetch-mode: navigate
026d: sec-fetch-user: ?1
0281: sec-fetch-dest: document
029b: accept-encoding: gzip, deflate, br, zstd
02c5: accept-language: en-US,en;q=0.9
02e6: 
19:56:53.108565 == Info: Request completely sent off
19:56:53.215168 <= Recv header, 20 bytes (0x14)
0000: HTTP/1.1 302 Found
19:56:53.215552 <= Recv header, 24 bytes (0x18)
0000: Connection: keep-alive
19:56:53.215635 <= Recv header, 14 bytes (0xe)
0000: Server: guce
19:56:53.215724 <= Recv header, 64 bytes (0x40)
0000: Strict-Transport-Security: max-age=31536000; includeSubDomains
19:56:53.215806 <= Recv header, 115 bytes (0x73)
0000: Location: https://consent.yahoo.com/v2/collectConsent?sessionId=
0040: 3_cc-session_358fb88e-04e3-4e12-b165-4a3604b50498
19:56:53.215912 <= Recv header, 19 bytes (0x13)
0000: Content-Length: 0
19:56:53.215992 <= Recv header, 37 bytes (0x25)
0000: Date: Thu, 14 Aug 2025 17:56:53 GMT
19:56:53.216064 <= Recv header, 2 bytes (0x2)
0000: 
19:56:53.216128 == Info: Ignoring the response-body
19:56:53.216157 == Info: Connection #1 to host guce.yahoo.com left intact
19:56:53.216201 == Info: Issue another request to this URL: 'https://consent.yahoo.com/v2/collectConsent?sessionId=3_cc-session_358fb88e-04e3-4e12-b165-4a3604b50498'
19:56:53.219523 == Info: Host consent.yahoo.com:443 was resolved.
19:56:53.219544 == Info: IPv6: (none)
19:56:53.219550 == Info: IPv4: 54.171.21.95, 34.240.84.128, 34.252.53.183
19:56:53.219634 == Info:   Trying 54.171.21.95:443...
19:56:53.281482 == Info: Connected to consent.yahoo.com (54.171.21.95) port 443
19:56:53.281558 == Info: ALPN: curl offers h2,http/1.1
19:56:53.281818 == Info: (304) (OUT), TLS handshake, Client hello (1):
19:56:53.281823 => Send SSL data, 322 bytes (0x142)
0000: ...>......aT..~...'f..Y..D.[7\x..UC... ...'.N...T.j..M..|"..6.8.
0040: ...Z.#K.b.............0.,.(.$.......k.9...........=.5...../.+.'.
0080: #.......g.3...E...<./...A.......................+............3.&
00c0: .$... S....m...GRV.B.B..;v.....fz.t..H.........consent.yahoo.com
0100: .......................................................h2.http/1
0140: .1
19:56:53.349845 == Info: (304) (IN), TLS handshake, Server hello (2):
19:56:53.349852 <= Recv SSL data, 81 bytes (0x51)
0000: ...M..=L.2..6.....36....].....`.W..k.I k..e...y...D.;....sR.../.
0040: 6......./........
19:56:53.350024 == Info: TLSv1.2 (IN), TLS handshake, Certificate (11):
19:56:53.350028 <= Recv SSL data, 3944 bytes (0xf68)
0000: ...d..a...0...0...........UhM~.I.......$.0...*.H........0p1.0...
0040: U....US1.0...U....DigiCert Inc1.0...U....www.digicert.com1/0-..U
0080: ...&DigiCert SHA2 High Assurance Server CA0...250701000000Z..251
00c0: 224235959Z0l1.0...U....US1.0...U....New York1.0...U....New York1
0100: .0...U....Yahoo Holdings Inc.1.0...U....consent.oath.com0.."0...
0140: *.H.............0.........IU.......FT.1.............#.i.Y.`$AP,.
0180: 1..X..i.... ..p.c.]6.F...Q.."t.{..h.....k.....j*.9.'....n>...`1.
01c0: .....m.+.p...h.h...z.....$Y~5.8.B..#......].@.`.h..;.u......(...
0200: 3.[..(.g..s..5f.W.MIZ.....$.....y..C.A.:.j..gV".V.].|w...j!./.W.
0240: .0.K.b.-D..0.....0u....5.........:0..60...U.#..0...Qh.....u<..ed
0280: b...Yr;0...U........U>.!..Li..`..bL..y0.....U......0.....consent
02c0: .oath.com..consent.yahoo.com..guce.verizonmedia.com..guce2.oath.
0300: com..guce.alephd.com..guce.aol.ca..guce.aol.co.uk..guce.isp.nets
0340: cape.com..guce.vidible.tv..guce.wmconnect.com..guce.yahoo.com.hk
0380: ..guce.yahoo.com.tw..guce.search.yahoo.com..guce.search.aol.com.
03c0: .guce.recherche.aol.fr..guce.search.aol.ca..guce.search.aol.co.u
0400: k..guce.suche.aol.de..guce.techcrunch.cn..guce.tacoda.at.atwola.
0440: com..guce.adtech.de..guce.adtechus.com..guce.adtechjp.com..guce.
0480: nexage.com..guce.cashay.com..guce.intheknow.com..guce.yahoofinan
04c0: ce.com..guce.boxely.com..guce.instore.com..guce.helping.com..guc
0500: e.ygm.com..guce.binoz.com..guce.searchjam.com..guce.glp.searchja
0540: m.com..guce.ad.com..guce.instoreautos.com..guce.instoredownloads
0580: .com..guce.instorecars.com..guce.instorehomes.com..guce.netbusin
05c0: ess.com..guce.walletpop.com..guce.wimzi.com..guce.ehealth247.com
0600: ..guce.yshop.tw..guce.wavezie.com..guce.ouryahoo.com..guce.yahoo
0640: inc.com..connectid.yahoo.com..guce.umbat.com..guce.5min.com..guc
0680: e.checkonce.com..guce.localday.com0>..U. .70503..g.....0)0'..+..
06c0: .......http://www.digicert.com/CPS0...U...........0...U.%..0...+
0700: .........+.......0u..U...n0l04.2.0..http://crl3.digicert.com/sha
0740: 2-ha-server-g6.crl04.2.0..http://crl4.digicert.com/sha2-ha-serve
0780: r-g6.crl0....+........w0u0$..+.....0...http://ocsp.digicert.com0
07c0: M..+.....0..Ahttp://cacerts.digicert.com/DigiCertSHA2HighAssuran
0800: ceServerCA.crt0...U.......0.0..|..+.....y......l...h.f.u...N4.Sr
0840: L.....?z....b...m0.....&:.....M.......F0D. 8..l..'.t%....K..X.v.
0880: .........<.. ....cl.PTb1gL...J..4~.%.i.....$..u..<K.......W..$.8
08c0: ..Q/....p. ..>?......M.W.....F0D. /...}.d.M...R7..*"o....X...A.<
0900: .r. _.........W<Gj.~..o..4..t..J>.P..v..B..I`aT......z-&EM.../.E
0940: Y.'O:.T.....M.e.....G0E.!..t\..5&L.;..t?...'..}..8....p.r.. l-.b
0980: .`..?iF1..L.+.W....1.0... }.0...*.H............._..e.%..bi..Q...
09c0: Z.n.h\...?.CI...f.^.Vk......*T.V..........\.ZL..........#a.j....
0a00: b.....&......X...E...8.ln..*.2.O}XF....D![U?.>aL..Sug....5...`.2
0a40: ..A.d\.How.[..cu.C5..d.../......G .r.P<Y.W.!3.....I..k.}....R.S.
0a80: ..:W.....Y0R.k.d.HW;N.....;...8.....q..K...S...m...0...0........
0ac0: .......\..m.+B.]..0...*.H........0l1.0...U....US1.0...U....DigiC
0b00: ert Inc1.0...U....www.digicert.com1+0)..U..."DigiCert High Assur
0b40: ance EV Root CA0...131022120000Z..281022120000Z0p1.0...U....US1.
0b80: 0...U....DigiCert Inc1.0...U....www.digicert.com1/0-..U...&DigiC
0bc0: ert SHA2 High Assurance Server CA0.."0...*.H.............0......
0c00: ..../.$..m._...d..}"&e..B@.....v.>.0U...O..Z..UV...*.....@...;r.
0c40: ...........C:.......@....M._W..Ph................-..........^DX*
0c80: 7..5...'2Z......Q.'..;B3..(..(...+#.x.{.^q.J>........#.M.....u..
0cc0: .....D5e.S%9....c...th.7..RH.9Z...]... .!..&o.J!A..m..H/....h.S/
0d00: ^.........I0..E0...U.......0.......0...U...........0...U.%..0...
0d40: +.........+.......04..+........(0&0$..+.....0...http://ocsp.digi
0d80: cert.com0K..U...D0B0@.>.<.:http://crl4.digicert.com/DigiCertHigh
0dc0: AssuranceEVRootCA.crl0=..U. .60402..U. .0*0(..+.........https://
0e00: www.digicert.com/CPS0...U......Qh.....u<..edb...Yr;0...U.#..0...
0e40: .>.i...G...&....cd+.0...*.H...................m.\..h.J...Q/.kD..
0e80: .c..nl.....q.[.4N..y.).-.j.. .y...G.....Yq}...k.YX=..1%\.8......
0ec0: .[.1N.x.....I..'..r.>..A...6...nGI.^.H|....I..&B@.....d.WT.....^
0f00: k......r.V....0..0...N.W..$...+..u..-..}y'............ (AYC(....
0f40: ..{;w.@b..AE....>..3.g.a.r..i...W@.p....
19:56:53.351116 == Info: TLSv1.2 (IN), TLS handshake, Server key exchange (12):
19:56:53.351121 <= Recv SSL data, 333 bytes (0x14d)
0000: ...I...A..........m....l.(.....:{....._..D..V...I)..z.z@.@5O....
0040: ......l......L\............./w.,N7r6....8q^|.?$%)lz..Y..k..."...
0080: ~$.kD......f>........F..}.... .......Z...=..G.v...~b...m..z.w.H.
00c0: ........P.c..N.........o.....Z......R...>X...r......j.hH.zjR...\
0100: .E.....r.'.l...%.....w.^/&2}.Y&..CE.......77}...`6.=y..<..0....-
0140: ..3...=Q5m@.:
19:56:53.351280 == Info: TLSv1.2 (IN), TLS handshake, Server finished (14):
19:56:53.351284 <= Recv SSL data, 4 bytes (0x4)
0000: ....
19:56:53.355533 == Info: TLSv1.2 (OUT), TLS handshake, Client key exchange (16):
19:56:53.355535 => Send SSL data, 70 bytes (0x46)
0000: ...BA..^.i...... ...e....m..l.O7T.....~d>".\..t`.b3.2.I..1....ga
0040: .3.X..
19:56:53.355595 == Info: TLSv1.2 (OUT), TLS change cipher, Change cipher spec (1):
19:56:53.355596 => Send SSL data, 1 bytes (0x1)
0000: .
19:56:53.355622 == Info: TLSv1.2 (OUT), TLS handshake, Finished (20):
19:56:53.355624 => Send SSL data, 16 bytes (0x10)
0000: ....PAB......h..
19:56:53.418993 == Info: TLSv1.2 (IN), TLS change cipher, Change cipher spec (1):
19:56:53.418997 <= Recv SSL data, 1 bytes (0x1)
0000: .
19:56:53.419061 == Info: TLSv1.2 (IN), TLS handshake, Finished (20):
19:56:53.419063 <= Recv SSL data, 16 bytes (0x10)
0000: ....h.we.y[.....
19:56:53.419078 == Info: SSL connection using TLSv1.2 / ECDHE-RSA-AES128-GCM-SHA256 / [blank] / UNDEF
19:56:53.419081 == Info: ALPN: server did not agree on a protocol. Uses default.
19:56:53.419311 == Info: Server certificate:
19:56:53.419316 == Info:  subject: C=US; ST=New York; L=New York; O=Yahoo Holdings Inc.; CN=consent.oath.com
19:56:53.419320 == Info:  start date: Jul  1 00:00:00 2025 GMT
19:56:53.419322 == Info:  expire date: Dec 24 23:59:59 2025 GMT
19:56:53.419335 == Info:  subjectAltName: host "consent.yahoo.com" matched cert's "consent.yahoo.com"
19:56:53.419347 == Info:  issuer: C=US; O=DigiCert Inc; OU=www.digicert.com; CN=DigiCert SHA2 High Assurance Server CA
19:56:53.419349 == Info:  SSL certificate verify ok.
19:56:53.419351 == Info: using HTTP/1.x
19:56:53.419413 => Send header, 746 bytes (0x2ea)
0000: GET /v2/collectConsent?sessionId=3_cc-session_358fb88e-04e3-4e12
0040: -b165-4a3604b50498 HTTP/1.1
005d: Host: consent.yahoo.com
0076: Cookie: GUCS=AWYPTJ_G
008d: sec-ch-ua: "Google Chrome";v="123", "Not:A-Brand";v="8", "Chromi
00cd: um";v="123"
00da: sec-ch-ua-mobile: ?0
00f0: sec-ch-ua-platform: "macOS"
010d: upgrade-insecure-requests: 1
012b: user-agent: Mozilla/5.0 (Macintosh; Intel Mac OS X 10_15_7) Appl
016b: eWebKit/537.36 (KHTML, like Gecko) Chrome/123.0.0.0 Safari/537.3
01ab: 6
01ae: accept: text/html,application/xhtml+xml,application/xml;q=0.9,im
01ee: age/avif,image/webp,image/apng,*/*;q=0.8,application/signed-exch
022e: ange;v=b3;q=0.7
023f: sec-fetch-site: none
0255: sec-fetch-mode: navigate
026f: sec-fetch-user: ?1
0283: sec-fetch-dest: document
029d: accept-encoding: gzip, deflate, br, zstd
02c7: accept-language: en-US,en;q=0.9
02e8: 
19:56:53.419460 == Info: Request completely sent off
19:56:53.598501 <= Recv header, 17 bytes (0x11)
0000: HTTP/1.1 200 OK
19:56:53.598748 <= Recv header, 24 bytes (0x18)
0000: Content-Encoding: gzip
19:56:53.598827 <= Recv header, 12 bytes (0xc)
0000: Expires: 0
19:56:53.598922 <= Recv header, 52 bytes (0x34)
0000: Cache-Control: no-cache, no-store, must-revalidate
19:56:53.599002 <= Recv header, 514 bytes (0x202)
0000: Content-Security-Policy-Report-Only: default-src 'none'; block-a
0040: ll-mixed-content; connect-src 'self' https://udc.yahoo.com/ http
0080: s://geo.yahoo.com/ https://ganon.yahoo.com; frame-ancestors 'non
00c0: e'; img-src 'self' https://s.yimg.com; media-src 'none'; script-
0100: src 'self' 'nonce-t/LVmHDFrp/LX97ouLv6el/oEx28qP1x' https://s.yi
0140: mg.com; style-src 'self' 'nonce-t/LVmHDFrp/LX97ouLv6el/oEx28qP1x
0180: ' https://s.yimg.com; font-src 'self'; object-src 'none'; frame-
01c0: src 'none'; report-uri https://csp.yahoo.com/beacon/csp?src=guce
19:56:53.599195 <= Recv header, 14 bytes (0xe)
0000: Server: guce
19:56:53.599260 <= Recv header, 33 bytes (0x21)
0000: X-XSS-Protection: 1; mode=block
19:56:53.599333 <= Recv header, 18 bytes (0x12)
0000: Pragma: no-cache
19:56:53.599398 <= Recv header, 23 bytes (0x17)
0000: X-Frame-Options: DENY
19:56:53.599465 <= Recv header, 50 bytes (0x32)
0000: Referrer-Policy: strict-origin-when-cross-origin
19:56:53.599537 <= Recv header, 37 bytes (0x25)
0000: Date: Thu, 14 Aug 2025 17:56:53 GMT
19:56:53.599607 <= Recv header, 24 bytes (0x18)
0000: Connection: keep-alive
19:56:53.599700 <= Recv header, 64 bytes (0x40)
0000: Strict-Transport-Security: max-age=31536000; includeSubDomains
19:56:53.599826 <= Recv header, 33 bytes (0x21)
0000: X-Content-Type-Options: nosniff
19:56:53.599896 <= Recv header, 39 bytes (0x27)
0000: Content-Type: text/html;charset=UTF-8
19:56:53.599967 <= Recv header, 23 bytes (0x17)
0000: Content-Length: 14443
19:56:53.600033 <= Recv header, 2 bytes (0x2)
0000: 
19:56:53.600095 <= Recv data, 14443 bytes (0x386b)
0000: ...........}iw...........<G.......*.]...$..=9...S."!..E.\d.>._..
0040: x......$@..d.:..j.%............O_......V.&.......Ar.....y.......
0080: .U.....i+.,W...=........y..Y.n..+j.W..I.4...._7.2.\....7.5R....6
00c0: ..B.....d......M.....~.U...Y0...).2.e7....A....U.o....n9....z..=
0100: l.$..=.~........|.kA.d...R...R_...`.o..PEx..(!.\..M......".n.x..
0140: ..P.Dk-A.M/..!JW...V.Z...\..p.^......7..... ..^... C...`..=../..
0180: i.p...i.a...6@..6Z..........H...W.1...Y.........l...C..~...q...s
01c0: P8........}.v..q..l.7......1F...=|7Y.]...7.2.Ok...$.-.(....F...3
0200: aWCe....0..h..!...c.y4<.z..p...s.?....Z.....................n...
0240: %..5.....S.J..G......,..5Z../P.....|e..#_.#..}..|...ktL.K.2..d6.
0280: u....A.....y..3.xD..f..s.`..hv...x>.+,.h...%..]x#....I.DIZ...).7
02c0: ..`.....x2v.SZ8w.y..-&:...Y.......+.e.....e..Q>.. ....=w,.e.C.[.
0300: )...<.....m.`8.....\.O.......f....y+7.b7.].....bFs7.pM......T...
0340: pu...GA...L...  ........U....4.O..a.........4...f.........-...>.
0380: .@D.7...`....S_X..>^.....(K...X..Ak= <0.`........]XS]....$]AA.?.
03c0: d{1Y0<o.?.R. t.6..9.H.Tlx:g........{~1.-B[<(....J.M.!xhz.c...B.[
0400: ....-..+.@........y....O..;...5..0....&O.(.`4.dR.#.>.x9......Q*.
0440: .d..+....@<.X...-Y,,.b8.Vn......+jgy..a.pMw\p..*.C(.O..GO.m:....
0480: Ji...5..k.X|ji..XT..0..d*.r.a..f.b1.kSG.RC.J).....[.N...D3.Z....
04c0: ..U.@AM......&m.f....kR..1.q..t....|9..own.V..Km.C..%G.y.R$.f(Wt
0500: A....%.M.R.ME y..\l.QN... .$T..!E.9....@..I/..KjP)7( .B....y.ZV.
0540: .1...V....y`.v....C..F.[....CsU9........"....M.-.5....YVi.D...<.
0580: ....7.>H...eh.A%.t..:).6T.V!.\E.].&..\..+..TU....h...I...Gl..".~
05c0: .9..".T...oq.\.V;_I.....,..b...K..M....."/C...l..K...`......)...
0600: ..v..5.j.n.......,...`>IZ......TT/.u.....U5HwK....<,.p..%..H{Vu.
0640: '..D.s...Y....;p...G.%.".IJ.....T.........D....&+...'..t6.2.....
0680: W.,#pG.q...j.%c."...M......r..%........;..w....<..YW.h..#b..iF..
06c0: ...g.x..)4..T....X.T.T......i...`R....Z......{.j.qh-".....H..M.t
0700: ....p......m...=..|p_tM....~bR.o:P...~Y...A...i.v.gbe....@i... .
0740: ..,s..T.l.VU+.......".W%+.J.|I..Xr@I.qd.H..f'.....2.TFW.s..i8..f
0780: ..l....kx..R~V!01.)....".V..hF"...E......2,.6.e.e.....<I.X)4....
07c0: ...8.x.),%....<.Cj....(."W...M7b...f..Z.N%6....E....4.....-.....
0800: ....U!.....q.}7u..?W.0...y..F....Z...R....fV....#..`5..w.t......
0840: *p.c........V..H%o.4....*.....|-@.a..(..j.......8.|..V..u..M....
0880: SCp....3.....jp\y.hY.t.0.. .%<0.i.b/........E>.....4c..Uk.j:..2S
08c0: ...c...Z].dUJ._/....D.A......T3...F9O....<l.OV.1O... U.Ni.|...V.
0900: ........`Q..5.A..pm}v...I..A.....v.........5!o..p{..V]...V-..`..
0940: ..j...%.....M.H.}PS[.J(.....j.... ..?}$.P......\.S/:Gb...#.:M...
0980: ".0..M.] ....X...b..."&.............EBf.....f85y.,.B...Js...&...
09c0: .w.pZ.^.....Y.... ..A..Q...R...z.c5*.9jC..Gh...k.+.N.Q].........
0a00: x...Ks.....S...l..=.l\"..A...5rI..,T........`..Kj.........dK..`.
0a40: ..O?H..{..C`.fc..i.B%...@Cr.........O..k..h.q\..F.......%.....&.
0a80: mE52..a..Y..A.......9 T.Z}C...9...6../.....;[...... .G......1...
0ac0: .".~a...X.4...P..g.......6....Z.oGV_...iL..Q.WX...c.z.Fv.2..\8&.
0b00: .,....e0X:k.\2'..2XU.P.Sg..j..u.Ku.......X.,.^...2G.... x...u..|
0b40: }..<.}Wr.\...*6].`J-zE.....4..*.@..b3C.w.r........gq.9X.....w..}
0b80: E..AD.=....Y9....urn.:!si....N..Z...Z.. [..V['....t..n.r..x...$.
0bc0: VN}.(.oy.......`_7dJ..Vf).@}Kz..A.R-.PUiI4..7-II..o]....t.."k.$u
0c00: 2.JT...d..NJ@..|..c.....|8.tcI.#R..y../...N....T...T.k...m:.4..u
0c40: *....>...`.......I.y..T%....N....zbF..I<*.Wn.jM.I3_U..%.$..I...J
0c80: F.F..d.r..........|#.........q..;.x..;%.'..i).iK.oj>3.7iI.M.rx*2
0cc0: .....-..r.m..q.|....C..j.2..h..A.2+......[...]..?).......7v.tjtL
0d00: "......z.3...],..i..q.*J#.}M../.h.H.*(&..26V......L.E(L.H.H.....
0d40: ./.o....Y.ny......f..P.?S....Z.`n.....1...d.4%J.Q...>".&..k.A.RQ
0d80: l8.....@.,..u.;.5.9......>.Y..Z..."Lmd{.z..."....}..?j/.^..q...A
0dc0: l....Yx........... p....?......9.AR......Z....|.#?....0'...R=]i.
0e00: ....y6.E..$.....z.H...(g42F.3......{.8.!f~...$wsL..6~..O}.......
0e40: dE.G0....?..i83.9....9i..='m^)i........ddH..pp....p.....sR......
0e80: {I.ZlP?.n~.....t..[..k#..FS..t..9'.O...".?W~.].....d'.d..1......
0ec0: ....h...#...I.......>).H.I*..9Rm..w%..2Em...u..Q:g..6.?,.t...r3F
0f00: '.v.K...{}0.1..K9..:...Q....*s.$....%......oA.........[.....sz..
0f40: ...:....._\z._.............W{.y..6.........9?.......s....?8g.~..
0f80: ............P./'T....C.M3.|..Q...?..8..8G..Q.s....?G...:..:..2/G
0fc0: .......!..B...../T;._.v~....j...._.v~...gg...B...../T;.P..B....T
1000: ...B...../T;.P...........j...._.v~...}k...j.-...../T;.P..B.V...B
1040: ...../Tk....P...a.&.m.".O..(...FbG...&5Fm6.t..0.8.[e.#...&....gc
1080: 4....{...Q..EJ"..N....T.s...[.....%2.n..Y;.Q-".kB)....o...z.pH(.
10c0: ..~........K|.....TjkpJ?......8....ii!%.W......7..x{H...L..k.uWq
1100: .}.j.....}.yW..0.H.T...%;._i.>..L....x...z..C{...pf.oQ.C.x_..Q.z
1140: ..{.'.u....".s...XP...v.t.,.y(.x..5..G.~.T..Jf+;k.f.....<....ls.
1180: .8~.f..h..pD..x).....f$.L.fx3Gv.........8.V....{...\..G...=...5.
11c0: .....(.U.0..5|.{..$."..}.....H'...p...C._~.......[Hs.1....o{.$3.
1200: j.....sK.~.Ah......9..juH.]0z!.....J...NNg..}...........w.......
1240: 3S....P.G.!..C.E.~..=........o6.....m.z.!._...J....M$S&lLA.-....
1280: .8o.lO...P...a...nr. ...O.`A.|.y...Q........7 s.*..W......C.g+.@
12c0: .s....~....e....o.*.]..).5!..o]/....a..M.........T.Z5.....x..@.L
1300: |.[U....Q_k..,g.-...W.3...Ss.P...F.{,..C=.....gP..QZ./hx...y....
1340: ..K...G..].......... ....8[P6k,..h.O.B.#..V..,..}$b...u!..uK%.~~
1380: .wfr8j.|;:.'5.xr...R/A(.....V.d....S..T]a...M......l.].&..d* .>.
13c0: ._..<.....r...>.....8&.w.V.......l......'......h.+./...r..D.....
1400: 5.Y...,.'...j.G.2....V.2=pI..Rcc.TS.d.=d..C!..@..6.L...y.!...Rn.
1440: q.....a..|.ER!.ir..3........^6.l.j1r.{3..'~m.....&#..W..w...I...
1480: .n..MCR..$I.*M..Y.y..|_.k.Z.ci.{...B..p..k.f..<...j......\K...-.
14c0: `..).!.<..&f.Tv........o..v.<.)..h...1m.....~R.....Qeq........7z
1500: ((....z...U..5d....m]C~S.L.4..].5.`.gw..ag.........,W.'a...n.+..
1540: ...>..IGv....p$z..US.=>.'.{H..Jk.9....#hC3....3n..5#ok0.|.E.N..R
1580: ..D.*H.3j.y..&...>.S$..a.f'..1...0_.....JU...4. .p...G...k....b$
15c0: ..`.w0~I.t....w.E_...u|_..*Q..b.B........X.A.^.....;k.... H.[...
1600: .....t..M.cnc.0}....\v.Dl..y_/C...R..'.......(E....hX.....2.F. .
1640: ....e.x...k.h=q..m..#V.x....(..p.`n%...[...(.q....p.9,P.c....../
1680: c..J.R.\............L. J..*....._.*6.]..j..j..p..G3lT......6.3..
16c0: r.O9...S.......:.q......+.[.....T.}>...!.Y....u.b.....D..e.-....
1700: ....~#...yI2..i.Y..Qo..0.4........2....v..............$.`.ng.bQ.
1740: [...& .<0...........k.."7{;...`.o...H./5Z..ZV.jUj...!..W......*.
1780: $...B.6.#.....O..t.....FM1QO.......k..S.G....Pu..).DP....n$@.#.P
17c0: s...F._....1.E .4....O....r2....N,KH%1...>..V..... ...*9.6.t....
1800: O.(}6.Y...7..C% 4Vv.<.....V.=_...\.+.*.v>J..J..eq..,.n.....E5...
1840: .l5^.._j..c...{wy...(.z.L.=n..I..hm..O7..I.;..~.|..........F....
1880: o|?a4.?....^.n.rSF......ft.2s./...nF6.='..v....x..T.I3gc.w@H..n.
18c0: ..\.....L ...x...u..3I!...=..-E.U<..8..\D.v..pb..[;N.A.K(4*..yOc
1900: ..p.....[..H(..S..)N..7c..-<....A..`..h./.0...5.B...eO26.p....iP
1940: ..N^...=.D....Z...Ek....P.r..t.~&...V...a$hsT@..XMc.9.5.9.vh..H.
1980: ...z...)}..:.]..Y|.......M9.<q.....i.d...Q......._^U.P........`R
19c0: .C..H.O`.......#..f...88.).......3.#...g.i...cn>JG.s..#..i...nj.
1a00: ].'S..^.l_l..;W..............v#w..i..k,5$."...=...{..M&...s..rT.
1a40: .......#......\.^....Q.<...3....6.>.......-.k....]K.Qj..,.m.$|Gv
1a80: .^.Q..J....AVo....S.na.l..1..av........OUh...O..=+L&...P....'.h.
1ac0: J....j\...(..4......}..e.. .....AD\....9.^.ann.#9.:A...W.%.i}..Z
1b00: .7..#....R..`.....F.NoU8X....$.N...;..~...U......^Fa'.c.......c.
1b40: q.*...$m.....J..x~'.[............&..zb....8.9...|.,.(V.3..g.....
1b80: ..`..Y....49lS../.2Y.../X.r=...w'..E..>n..4.c...<.Z....+...V....
1bc0: ...h.....Z.Lu8.^....nw...9..........j.....t....V.-.._X.g.m|C2~..
1c00: ....~1.....qF..F.V.a.e.>.y.4.O.r..".C.....]...p... ....I|u>Bm.G,
1c40: ..^..*]^I>t.d.....O.S..'~...I..._...M.:N \>..].~...%_..l|D...u..
1c80: ...4.+...P....'..8..N..t..-a..8....h.gLj.86U{..iy..a.....@.sE...
1cc0: ...i+.31.."......L.N.6..Ta.I.rw.W.]......O..zD..~M..9..........e
1d00: ..<......Jg].)..$.N.....X.G.k....1..Z.....]V.;{.....{#lF...h....
1d40: ...Yz.u..;...........x.E........U..d...S...D...<.F..l..!@.o...%h
1d80: 3V........W.. ...1w.........{h../..RoMh,!5..../#.-.w.@...!....8.
1dc0: ..x.pMY.XR.p..m..w).8.Q.#...F...'.u.,..........u..-\a..").7P....
1e00: hiH......,}....H@.8P.....:......vs.....S..\...0a.z..Pk4j......*n
1e40: 7.`.J.,...2...h9....y..?...O...JS.m.0K.D8.....c{h.;....P..<..r..
1e80: G.y...@..kuDG^UI...J.x.e...`f......C....O.....<._bL......(....u5
1ec0: X!.P...+.1..$.....(.z.U7E."....?.>HP.S...H...{-Y%.#..5......p5..
1f00: .aw.T...z....c....O0....gFS..CF..x2<|..../..Zo1.M{.=...........n
1f40: yq.l...i..9..........M.n...'F....N1...O....}Fs...5`..I[.s...v3$.
1f80: C........(qw.....E,..=~..8...q...I}.0.....,.c...V....C.&^...xj..
1fc0: .......Nj.N....u...R._.......E.5.g@.!..C..6.d'.O..*.r....*~('..:
2000: {%.<..........mT.$.y.b......n.....M.hd`&/..X.*;..s.H..[.1.~w....
2040: |....W...?.@J..8..!....Z.................4x.........}eF.r......]
2080: R.S.1Q....e.-..q..?...A.#..F?"+l?.Sm_.Ym5.Y.}..U.....u~.c.....Q.
20c0: 57.Fw(.Ghs#|....=.b.3.......4S..h.....1......Q....%.[....6.uI.V.
2100: .....Az. ..z.e.K..`..np.(......Yck'.......6.c.m......C.=...O..y.
2140: ..c.h._..g.H(\..!2M.W. ..*....\.....RSN..C}V........z.G.>...u.j.
2180: H..^...Y......X..........8d;U.f.......o......g..?..%..&_.\......
21c0: ..z.B}\.#.B..._t.~^(...}......^..rY...}..w.NO..uJ.j.L......$Iu.0
2200: HR..{.:.%.+.Le9....+.k......_em..Z.n..........r.s"g8Gq.z.....'..
2240: {..&..YC.........Y......4.......3.j..>+....!..6.... .oJo......?.
2280: ....(.$w..........J...c.....tY$...P_.C....|P.F.$....az6@L..uU..J
22c0: u.V..9^.I....)....@............}l.Qy......g-....d..T{w..d.......
2300: I..E.D....{.yF.s-...a.y(z.I.n...9.&N...C..9%...p..O.L..y....R(..
2340: ..UwW..s.]sNXp...D)Jf...>.NGjU.Z>z..v...B......F.+......;....S..
2380: c......0.Y.D.!..{...?.(....1..l...X........t#0.....S..8.....vK.>
23c0: "..P*.WI...:.....u)..........E;...../..Z..!..}......d.8....BH..;
2400: #.6>e..a.q...w..vq...,....`a....Pk.mbo....(._V.{.+....A.._.}=.{.
2440: `ioW{V..8.......4b.....zB.D....l.t.Y~.*z.w..Z?.<x..)..=F.H.q...z
2480: ......jM.%....c.h=.g.'.2#.=.P..Y.......:....~....~...}..-6..xdN.
24c0: ~.M.Nt(....6b.M.M.........i..61.ab{N...k.5.{.h.%..-.z?]..1..g.L.
2500: .....#.3.......X.E-+.>...7...@.?.....Lcn3zY+.~..F...p.>..F\@..2.
2540: .._....M....+..[g..3.J.....h.M.......p.<..I......^...#..`..I..l.
2580: N.r...N<co...c?Y...l./.X;o..:...6.M.<....l.......l.W^.......(K..
25c0: .\ r...@S2..?..|.....Y....FK......"..4cL.....ytP...Qj..z........
2600: N.q.zn3T..Q.v...v.T......iBh.j.aq.O,...j..U..Q.V....T.a<...2TIJK
2640: .I[/..........J..d..R..............R.x....I...R&..Ph..Ze..P.L...
2680: j...]....WwoM....v9N...4p.t.<..6R..!i..&.B.M.p.4.D?...Zf..Z.Le.)
26c0: ...6.s....9..t...(u-5"..........J..Z.J..1....U5.k,.P.....98.K,5.
2700: .C.;.A.i5..7.SF.f.+!.,......nW....JPc_.`<i..Y<..X8.29.6.s...P..r
2740: j...Y..z"jz......Z.........9.....$.@.....9V*......bJ.L'].7.7.0..
2780: .u..x..;..t....Q.,.V......e............t1>sy.\1.bQ.&......R.Z...
27c0: .+..+.8..A]x%....`n.Z....4T...f.K...Z.t.OC.......0......!..P..;.
2800: ..K....R@C,*...S.iXF...H.# ..%.i.....r.5..........da&.....44....
2840: N..x...I..C..........35.I._.p..%f'_...........S[..g)s...:......8
2880: .......(<........l..l>....l.=....:<3/..&'VM.9a..iLM..t..ZU>....x
28c0: Y"...|..o.~>...J&................Vk.....>c.a....n....E.....&m..g
2900: F.l...^..h...3..1....y...#..;~...R...~.... .......g......X..@...
2940: .9....~.-.S.;...<..yVt..t..;.........:..R.....#..BGp.._N...zg..+
2980: ...rL~........._.P.a..W.8.......s... ?.....s.._+@>.T./0@.....].I
29c0: y..~....z...e...r.../..."....;...:....@....hV.....1...}..._S.^U.
2a00: 9!......P........k...9&.....9..(.Xn6..N@Gy..V..;Typh........B.^.
2a40: N....%G\.........>.O<.4.j.[A.T...6^..:..B..A<..w....?f...k...b..
2a80: .Y.k.C......$$p.....jA.F..t4.%.....]7...,.9//%...`....2......Fa.
2ac0: ..&..... ..nw......*.1./..@..B.@.k>.. ....#........x&..b$9..jf.;
2b00: K....X"!Y?:.Q.A...).0r...&f................Q....a.SS....H.zdn..=
2b40: &b...=...r/......I.ov.......{.}5H..4N...*.Fo..........`J.....!,|
2b80: .u.0........(@.'.0y7L.C.n....;.Y.N..M/.~...._.H....{:...w....7{s
2bc0: r.....^..J...<!=.....+..4r....6|.p.EZy$R3..4J.......&#M.......*.
2c00: .+..^.<I..v..u5.w..r}...=jZ..l..9.~B.....M..^...R@...9H.<.q.....
2c40: 0.....<...A.....U.k(............d..~.....R.l...K..,..o........D.
2c80: .....~....=.z..PpU6..D.}s.........H..7d.E.O_....o.#....'..4..Mm7
2cc0: ....;...9lF.=.].....g5$...Y.|.n...t. ...a8@.>...4.M...9G.p..Pu..
2d00: Y.C%.>.3..*....!...R.V.T\..F..l..r@.e..4q.......'..uF;......[..*
2d40: m..1Y....$.....>1....#.-(.....4....R2........8H..).....o.Pnz.7LQ
2d80: .....F.$...*.G..ib.{.{.=.a...(...F/X...}..>..n....DN.3.t.%..wp..
2dc0: 5<...,.i....V.c....h.,{.....9a./.......e.B"...0.!...d...rM.$....
2e00: .P0..[97....7:m."R.4z...D....J..{0........w.......y.j..-nz43....
2e40: .pM.........'.CX.Q...A..pCX....8........u..7.4\..X.Q.....).f..u.
2e80: ..g.0.<0.{.......&G.....zZ.x.YU.o.=y........E......(...........s
2ec0: .+0..R..'...'../.......GsOz2.@l.U....Jm5..$..6...k%.1._...?#!.}.
2f00: 6!$..H.J6...z..*.T=DO....CYTc.%9..$......ff.T....&yF....a.D.NJ..
2f40: j...........f.:./.."H...... ..d.Z...M2..`y..u.,...(...,9....;'.w
2f80: ....g...>4...m.....&T.T.M.-b...X.i...w...4....n....,..F..q...../
2fc0: ...i..i.,.0b.0...?}..........}.i?....Q..M.......Y'..F2...|.,(.*.
3000: ..M 02z....#ou.J.h..+0..,..dKS:..8EW..U....s...l...[....gGd1)..?
3040: .+0....Y.....Y..g..&.....p. ..\..9(.....wp.Wq..Z-k..8.Si..-`....
3080: i.."p...0.60<...\14..,N.....2.b..n....Ba..D&...d.....L].=..r....
30c0: X.q..x....,.5.t ..]|..._.....a0...._........3~(L.7...A....Y|CV..
3100: X..c~.....Vf.<........~.S.\...(bR\.S.....%......F7..w..i.e..7(.2
3140: ..........B........=Y.'.4.G....a...c.F........./..%?a.......?...
3180: 7.....<t.....(..C.....!^c>.f........U......T.*....`. s......p...
31c0: .0.4*HK.4.%nA...[.s.$Y...~7...v..x.....3%...pC.t..y.(.z..8.F.#c.
3200: ..,.u7.k.y..h(..}.....a...g.\<....?.8aQ$._.E..%X.4|.~F.....;...^
3240: ..2. U9),.Sh.......k.#?....4.'.C.CZ.m.".......X..L.8Ic..<..~...t
3280: ......xJ0`.-..I\....!.M.c..L..".wSR+....G.u....@S.....>.....:...
32c0: .2e~&...R.H4...B-.t.a..d......?./....a..8p.J...........!l<{.....
3300: .w0.8Z...<.....Y..r..M...=!v66.Q.<...!..#0..B...,r\...i.........
3340: 1.i.0.i9...c....k.......B..Q.../....h..w...d.....!0.......i)....
3380: u.C{..vX..W .b...../.Z.b..mA~.(fI.G......)^e@........B5.[.o`....
33c0: x......H_.Ca.....%...@.........m>.......qb.....<...J_1._l....@Z.
3400: ...X],.@.t..........1.:.. .J..?R....v..1...E..c.k..r..9.T.."..Xu
3440: .9....9...C....gP.yC z.8.....yL'...r.w..3$...x.......X.PP.$..>91
3480: I.3.............-..c.O.v..........`...0...l..g.b6v.N.N.y....?`.E
34c0: t.%.Q.:.z?...........V.l.o0...U.S./y..aT?.uv....2...{5....'4u*.'
3500: .\..b.=;N....O-j...[.i.4...mX..........w.@.o...&...5~.s.........
3540: ...MK..MO_.;;...............8y..>.8f..eN/.F...{..k......}K..^.p.
3580: .u.Z..|.d...#....!....].........d....@..}(.fc...w`.W......_....d
35c0: ......_.9&......3..>.n.F...nr ...l.(.0........U...+.B..V.KV.Hv..
3600: #.J..R7.X>..J....J..m.+...'.....iu.......B...L..F.j.GA$...R..F..
3640: .k..f..d.../...H.D..~..#v..b..+..;@...(a...S.".a_^.?G.e.I...1^..
3680: .......?Dd........d....V.l..m.E>...p...{....7......!........G.W.
36c0: ..*7.q.w....B.A....a.../.h.[.uu..u.6.j.......j(.X..88.EW9.......
3700: /..)......p:.Vh*...(3Z.<*..}.T..._3PD..G...#...#...c.l../..>{...
3740: [.x.....0.....G.fh...X..G..T.o....Y.<...b....}.Z...6..wr*%,M....
3780: .`]....c...j...m.....h^.f....v......5...^M......6.d..&......K\..
37c0: .....!.hvP..H5.>SW...........o.bA..t7...V|....C%..............P.
3800: n:l#.......t<1L.....SyV.\U..n:l..e.Kv....]..i..i...]..=~y.......
3840: ................`;.K.../..d.6...X....VX.j..
19:56:53.603527 == Info: Connection #2 to host consent.yahoo.com left intact
